development
Connecting to database specified by database.yml


Started GET "/assets/rails.png" for 127.0.0.1 at 2013-06-05 16:55:46 -0700
Served asset /rails.png - 304 Not Modified (119ms)


Started GET "/" for 127.0.0.1 at 2013-06-05 16:56:06 -0700
Processing by QuestionsController#index as HTML
  [1m[36mQuestion Load (44.2ms)[0m  [1mSELECT "questions".* FROM "questions" [0m
  [1m[35mEXPLAIN (0.2ms)[0m  EXPLAIN SELECT "questions".* FROM "questions" 
EXPLAIN for: SELECT "questions".* FROM "questions" 
                          QUERY PLAN
--------------------------------------------------------------
 Seq Scan on questions  (cost=0.00..10.70 rows=70 width=1056)
(1 row)

  Rendered questions/index.html.haml within layouts/application (4.7ms)
Compiled application.css  (0ms)  (pid 63198)
Completed 200 OK in 2919ms (Views: 75.1ms | ActiveRecord: 2769.6ms)


Started GET "/assets/application.css?body=1" for 127.0.0.1 at 2013-06-05 16:56:09 -0700
Served asset /application.css - 200 OK (5ms)


Started GET "/assets/jquery.js?body=1" for 127.0.0.1 at 2013-06-05 16:56:09 -0700
Served asset /jquery.js - 200 OK (2ms)


Started GET "/assets/application.js?body=1" for 127.0.0.1 at 2013-06-05 16:56:09 -0700
Served asset /application.js - 304 Not Modified (4ms)


Started GET "/assets/jquery_ujs.js?body=1" for 127.0.0.1 at 2013-06-05 16:56:09 -0700
Served asset /jquery_ujs.js - 200 OK (3ms)


Started GET "/" for 127.0.0.1 at 2013-06-05 16:56:22 -0700
Processing by QuestionsController#index as HTML
  [1m[36mQuestion Load (0.3ms)[0m  [1mSELECT "questions".* FROM "questions" [0m
  Rendered questions/index.html.haml within layouts/application (0.1ms)
Compiled application.css  (1ms)  (pid 63198)
Completed 200 OK in 211ms (Views: 210.1ms | ActiveRecord: 0.3ms)


Started GET "/assets/jquery.js?body=1" for 127.0.0.1 at 2013-06-05 16:56:22 -0700
Served asset /jquery.js - 304 Not Modified (0ms)


Started GET "/assets/application.css?body=1" for 127.0.0.1 at 2013-06-05 16:56:22 -0700
Served asset /application.css - 200 OK (2ms)


Started GET "/assets/jquery_ujs.js?body=1" for 127.0.0.1 at 2013-06-05 16:56:22 -0700
Served asset /jquery_ujs.js - 304 Not Modified (0ms)


Started GET "/assets/application.js?body=1" for 127.0.0.1 at 2013-06-05 16:56:22 -0700
Served asset /application.js - 304 Not Modified (0ms)
